<?xml version="1.0" encoding="UTF-8"?>
<testng-results skipped="0" failed="0" ignored="0" total="1" passed="1">
  <reporter-output>
  </reporter-output>
  <suite name="Default suite" duration-ms="14813" started-at="2020-06-07T00:07:06 EDT" finished-at="2020-06-07T00:07:21 EDT">
    <groups>
    </groups>
    <test name="Default test" duration-ms="14813" started-at="2020-06-07T00:07:06 EDT" finished-at="2020-06-07T00:07:21 EDT">
      <class name="Tables.WebTables">
        <test-method status="PASS" signature="Initialization()[pri:0, instance:Tables.WebTables@9660f4e]" name="Initialization" is-config="true" duration-ms="14023" started-at="2020-06-07T00:07:06 EDT" finished-at="2020-06-07T00:07:20 EDT">
          <reporter-output>
          </reporter-output>
        </test-method> <!-- Initialization -->
        <test-method status="PASS" signature="tables()[pri:0, instance:Tables.WebTables@9660f4e]" name="tables" duration-ms="701" started-at="2020-06-07T00:07:20 EDT" finished-at="2020-06-07T00:07:20 EDT">
          <reporter-output>
          </reporter-output>
        </test-method> <!-- tables -->
      </class> <!-- Tables.WebTables -->
    </test> <!-- Default test -->
  </suite> <!-- Default suite -->
</testng-results>
